2020/09/21 10:45:59.906[||||][INFO] c.x.w.StartUp.logStarting[48]-Starting StartUp on LAPTOP-94IK4O8C with PID 64936 (started by The Shy in D:\idea WorkSpace\redWallet)
2020/09/21 10:45:59.926[||||][INFO] c.x.w.StartUp.logStartupProfileInfo[637]-No active profile set, falling back to default profiles: default
2020/09/21 10:45:59.975[||||][INFO] o.s.b.c.e.AnnotationConfigEmbeddedWebApplicationContext.prepareRefresh[582]-Refreshing org.springframework.boot.context.embedded.AnnotationConfigEmbeddedWebApplicationContext@63787180: startup date [Mon Sep 21 10:45:59 CST 2020]; root of context hierarchy
2020/09/21 10:46:00.555[||||][INFO] o.s.d.r.c.RepositoryConfigurationDelegate.multipleStoresDetected[165]-Multiple Spring Data modules found, entering strict repository configuration mode!
2020/09/21 10:46:01.050[||||][INFO] o.e.j.u.log.initialized[192]-Logging initialized @2730ms to org.eclipse.jetty.util.log.Slf4jLog
2020/09/21 10:46:01.122[||||][INFO] o.s.b.c.e.j.JettyEmbeddedServletContainerFactory.getEmbeddedServletContainer[176]-Server initialized with port: 6512
2020/09/21 10:46:01.123[||||][INFO] o.e.j.s.Server.doStart[372]-jetty-9.4.4.v20170414
2020/09/21 10:46:01.287[||||][INFO] o.e.j.s.session.doStart[364]-DefaultSessionIdManager workerName=node0
2020/09/21 10:46:01.287[||||][INFO] o.e.j.s.session.doStart[369]-No SessionScavenger set, using defaults
2020/09/21 10:46:01.290[||||][INFO] o.e.j.s.session.startScavenging[149]-Scavenging every 600000ms
2020/09/21 10:46:01.296[||||][INFO] o.e.j.s.h.C.application.log[2221]-Initializing Spring embedded WebApplicationContext
2020/09/21 10:46:01.296[||||][INFO] o.s.w.c.ContextLoader.prepareEmbeddedWebApplicationContext[276]-Root WebApplicationContext: initialization completed in 1321 ms
2020/09/21 10:46:01.717[||||][INFO] o.s.b.w.s.ServletRegistrationBean.onStartup[190]-Mapping servlet: 'dispatcherServlet' to [/]
2020/09/21 10:46:01.719[||||][INFO] o.s.b.w.s.FilterRegistrationBean.configure[258]-Mapping filter: 'characterEncodingFilter' to: [/*]
2020/09/21 10:46:01.720[||||][INFO] o.s.b.w.s.FilterRegistrationBean.configure[258]-Mapping filter: 'hiddenHttpMethodFilter' to: [/*]
2020/09/21 10:46:01.720[||||][INFO] o.s.b.w.s.FilterRegistrationBean.configure[258]-Mapping filter: 'httpPutFormContentFilter' to: [/*]
2020/09/21 10:46:01.720[||||][INFO] o.s.b.w.s.FilterRegistrationBean.configure[258]-Mapping filter: 'requestContextFilter' to: [/*]
2020/09/21 10:46:01.720[||||][INFO] o.s.b.w.s.FilterRegistrationBean.configure[271]-Mapping filter: 'WalletFilter' to urls: [/api/xxy/wallet/*]
2020/09/21 10:46:01.891[||||][INFO] o.e.j.s.h.ContextHandler.doStart[788]-Started o.s.b.c.e.j.JettyEmbeddedWebAppContext@9dada78{/,[file:///C:/Users/The%20Shy/AppData/Local/Temp/jetty-docbase.2699150258532875790.6512/],AVAILABLE}
2020/09/21 10:46:01.891[||||][INFO] o.e.j.s.Server.doStart[444]-Started @3572ms
2020/09/21 10:46:02.289[||||][INFO] o.s.w.s.m.m.a.RequestMappingHandlerAdapter.initControllerAdviceCache[534]-Looking for @ControllerAdvice: org.springframework.boot.context.embedded.AnnotationConfigEmbeddedWebApplicationContext@63787180: startup date [Mon Sep 21 10:45:59 CST 2020]; root of context hierarchy
2020/09/21 10:46:02.340[||||][INFO] o.s.w.s.m.m.a.RequestMappingHandlerMapping.register[543]-Mapped "{[/api/xxy/wallet/accounts],methods=[GET]}" onto public com.xxy.wallet.pojo.Result<com.xxy.wallet.commen.bean.AccountAndCard> com.xxy.wallet.controller.WalletAccountController.accountAndCardResult(javax.servlet.http.HttpServletRequest)
2020/09/21 10:46:02.341[||||][INFO] o.s.w.s.m.m.a.RequestMappingHandlerMapping.register[543]-Mapped "{[/api/xxy/wallet/status],methods=[GET]}" onto public com.xxy.wallet.pojo.Result<com.xxy.wallet.commen.bean.WalletStatus> com.xxy.wallet.controller.WalletDetailController.walletStatus(java.lang.Integer,java.lang.Integer,javax.servlet.http.HttpServletRequest) throws com.xxy.wallet.commen.exception.WalletGetStatusException
2020/09/21 10:46:02.341[||||][INFO] o.s.w.s.m.m.a.RequestMappingHandlerMapping.register[543]-Mapped "{[/api/xxy/wallet/getWallet],methods=[GET]}" onto public com.xxy.wallet.pojo.Result<com.xxy.wallet.pojo.WalletAccount> com.xxy.wallet.controller.WalletDetailController.getWallet(javax.servlet.http.HttpServletRequest)
2020/09/21 10:46:02.342[||||][INFO] o.s.w.s.m.m.a.RequestMappingHandlerMapping.register[543]-Mapped "{[/api/xxy/wallet/walletObject/receivedWallet],methods=[GET]}" onto public com.xxy.wallet.pojo.Result<com.xxy.wallet.commen.bean.ReceivedWalletDetail> com.xxy.wallet.controller.WalletDetailController.receivedWallet(javax.servlet.http.HttpServletRequest,java.lang.Integer,java.lang.Integer)
2020/09/21 10:46:02.342[||||][INFO] o.s.w.s.m.m.a.RequestMappingHandlerMapping.register[543]-Mapped "{[/api/xxy/wallet/walletDetail],methods=[GET]}" onto public com.xxy.wallet.pojo.Result<java.util.List<com.xxy.wallet.pojo.WalletAccountDetail>> com.xxy.wallet.controller.WalletDetailController.getAccountDetail(javax.servlet.http.HttpServletRequest) throws com.xxy.wallet.commen.exception.ParamterErrorExcepiton
2020/09/21 10:46:02.342[||||][INFO] o.s.w.s.m.m.a.RequestMappingHandlerMapping.register[543]-Mapped "{[/api/xxy/wallet/walletDetails],methods=[GET]}" onto public com.xxy.wallet.pojo.Result<java.util.List<com.xxy.wallet.pojo.WalletAccountDetail>> com.xxy.wallet.controller.WalletDetailController.walletDetails(javax.servlet.http.HttpServletRequest,java.lang.Integer,java.lang.Integer) throws com.xxy.wallet.commen.exception.ParamterErrorExcepiton
2020/09/21 10:46:02.342[||||][INFO] o.s.w.s.m.m.a.RequestMappingHandlerMapping.register[543]-Mapped "{[/api/xxy/wallet/walletObject/sendWallet],methods=[GET]}" onto public com.xxy.wallet.pojo.Result<com.xxy.wallet.commen.bean.PesonSendWallet> com.xxy.wallet.controller.WalletDetailController.sendWallet(javax.servlet.http.HttpServletRequest,java.lang.Integer,java.lang.Integer)
2020/09/21 10:46:02.343[||||][INFO] o.s.w.s.m.m.a.RequestMappingHandlerMapping.register[543]-Mapped "{[/api/xxy/wallet/grab],methods=[POST]}" onto public com.xxy.wallet.pojo.Result<com.xxy.wallet.commen.bean.ResultWalletObject> com.xxy.wallet.controller.WalletObjectController.grab(javax.servlet.http.HttpServletRequest,java.lang.Integer,java.lang.Integer,java.lang.Integer) throws com.xxy.wallet.commen.exception.ParamterErrorExcepiton,com.xxy.wallet.commen.exception.WalletNumberException
2020/09/21 10:46:02.343[||||][INFO] o.s.w.s.m.m.a.RequestMappingHandlerMapping.register[543]-Mapped "{[/api/xxy/wallet/send],methods=[POST]}" onto public com.xxy.wallet.pojo.Result<com.xxy.wallet.commen.bean.ReturnWallet> com.xxy.wallet.controller.WalletObjectController.returnWalletResult(javax.servlet.http.HttpServletRequest,java.lang.String,java.lang.Integer,java.lang.Integer,java.lang.Integer,java.lang.Integer,java.lang.Integer,java.lang.String) throws com.xxy.wallet.commen.exception.ParamterErrorExcepiton,com.xxy.wallet.commen.exception.WalletNumberException,com.xxy.wallet.commen.exception.AccountAbnormalityException
2020/09/21 10:46:02.344[||||][INFO] o.s.w.s.m.m.a.RequestMappingHandlerMapping.register[543]-Mapped "{[/error]}" onto public org.springframework.http.ResponseEntity<java.util.Map<java.lang.String, java.lang.Object>> org.springframework.boot.autoconfigure.web.BasicErrorController.error(javax.servlet.http.HttpServletRequest)
2020/09/21 10:46:02.345[||||][INFO] o.s.w.s.m.m.a.RequestMappingHandlerMapping.register[543]-Mapped "{[/error],produces=[text/html]}" onto public org.springframework.web.servlet.ModelAndView org.springframework.boot.autoconfigure.web.BasicErrorController.errorHtml(javax.servlet.http.HttpServletRequest,javax.servlet.http.HttpServletResponse)
2020/09/21 10:46:02.376[||||][INFO] o.s.w.s.h.SimpleUrlHandlerMapping.registerHandler[362]-Mapped URL path [/webjars/**] onto handler of type [class org.springframework.web.servlet.resource.ResourceHttpRequestHandler]
2020/09/21 10:46:02.376[||||][INFO] o.s.w.s.h.SimpleUrlHandlerMapping.registerHandler[362]-Mapped URL path [/**] onto handler of type [class org.springframework.web.servlet.resource.ResourceHttpRequestHandler]
2020/09/21 10:46:02.516[||||][INFO] o.s.w.s.h.SimpleUrlHandlerMapping.registerHandler[362]-Mapped URL path [/**/favicon.ico] onto handler of type [class org.springframework.web.servlet.resource.ResourceHttpRequestHandler]
2020/09/21 10:46:02.876[||||][INFO] o.s.j.e.a.AnnotationMBeanExporter.afterSingletonsInstantiated[431]-Registering beans for JMX exposure on startup
2020/09/21 10:46:02.887[||||][INFO] o.s.s.a.ScheduledAnnotationBeanPostProcessor.finishRegistration[260]-No TaskScheduler/ScheduledExecutorService bean found for scheduled processing
2020/09/21 10:46:02.898[||||][INFO] o.e.j.s.h.C.application.log[2221]-Initializing Spring FrameworkServlet 'dispatcherServlet'
2020/09/21 10:46:02.898[||||][INFO] o.s.w.s.DispatcherServlet.initServletBean[489]-FrameworkServlet 'dispatcherServlet': initialization started
2020/09/21 10:46:02.909[||||][INFO] o.s.w.s.DispatcherServlet.initServletBean[508]-FrameworkServlet 'dispatcherServlet': initialization completed in 11 ms
2020/09/21 10:46:02.920[||||][INFO] o.e.j.s.AbstractConnector.doStart[280]-Started ServerConnector@7f4a1cac{HTTP/1.1,[http/1.1]}{0.0.0.0:6512}
2020/09/21 10:46:02.922[||||][INFO] o.s.b.c.e.j.JettyEmbeddedServletContainer.start[144]-Jetty started on port(s) 6512 (http/1.1)
2020/09/21 10:46:02.926[||||][INFO] c.x.w.StartUp.logStarted[57]-Started StartUp in 3.237 seconds (JVM running for 4.606)
2020/09/21 10:47:48.868[||||][INFO] o.s.b.c.e.AnnotationConfigEmbeddedWebApplicationContext.doClose[987]-Closing org.springframework.boot.context.embedded.AnnotationConfigEmbeddedWebApplicationContext@63787180: startup date [Mon Sep 21 10:45:59 CST 2020]; root of context hierarchy
2020/09/21 10:47:48.869[||||][INFO] o.s.j.e.a.AnnotationMBeanExporter.destroy[449]-Unregistering JMX-exposed beans on shutdown
2020/09/21 10:47:48.875[||||][INFO] o.e.j.s.AbstractConnector.doStop[320]-Stopped ServerConnector@7f4a1cac{HTTP/1.1,[http/1.1]}{0.0.0.0:6512}
2020/09/21 10:47:48.875[||||][INFO] o.e.j.s.session.stopScavenging[167]-Stopped scavenging
2020/09/21 10:47:48.879[||||][INFO] o.e.j.s.h.C.application.log[2221]-Destroying Spring FrameworkServlet 'dispatcherServlet'
2020/09/21 10:47:48.880[||||][INFO] o.e.j.s.h.ContextHandler.doStop[957]-Stopped o.s.b.c.e.j.JettyEmbeddedWebAppContext@9dada78{/,[file:///C:/Users/The%20Shy/AppData/Local/Temp/jetty-docbase.2699150258532875790.6512/],UNAVAILABLE}
2020/09/21 11:44:30.374[||||][INFO] c.x.w.StartUp.logStarting[50]-Starting StartUp on LAPTOP-94IK4O8C with PID 68644 (started by The Shy in D:\idea WorkSpace\redWallet)
2020/09/21 11:44:30.377[||||][INFO] c.x.w.StartUp.logStartupProfileInfo[659]-No active profile set, falling back to default profiles: default
2020/09/21 11:44:30.408[||||][INFO] o.s.b.w.s.c.AnnotationConfigServletWebServerApplicationContext.prepareRefresh[590]-Refreshing org.springframework.boot.web.servlet.context.AnnotationConfigServletWebServerApplicationContext@68be8808: startup date [Mon Sep 21 11:44:30 CST 2020]; root of context hierarchy
2020/09/21 11:44:30.919[||||][INFO] o.s.d.r.c.RepositoryConfigurationDelegate.multipleStoresDetected[163]-Multiple Spring Data modules found, entering strict repository configuration mode!
2020/09/21 11:44:31.280[||||][INFO] o.s.c.s.PostProcessorRegistrationDelegate$BeanPostProcessorChecker.postProcessAfterInitialization[328]-Bean 'org.springframework.transaction.annotation.ProxyTransactionManagementConfiguration' of type [org.springframework.transaction.annotation.ProxyTransactionManagementConfiguration$$EnhancerBySpringCGLIB$$ce1cc195] is not eligible for getting processed by all BeanPostProcessors (for example: not eligible for auto-proxying)
2020/09/21 11:44:31.428[||||][INFO] o.e.j.u.log.initialized[193]-Logging initialized @2208ms to org.eclipse.jetty.util.log.Slf4jLog
2020/09/21 11:44:31.496[||||][INFO] o.s.b.w.e.j.JettyServletWebServerFactory.getWebServer[143]-Server initialized with port: 6512
2020/09/21 11:44:31.498[||||][INFO] o.e.j.s.Server.doStart[374]-jetty-9.4.11.v20180605; built: 2018-06-05T18:24:03.829Z; git: d5fc0523cfa96bfebfbda19606cad384d772f04c; jvm 1.8.0_05-b13
2020/09/21 11:44:31.578[||||][INFO] o.e.j.s.session.doStart[365]-DefaultSessionIdManager workerName=node0
2020/09/21 11:44:31.578[||||][INFO] o.e.j.s.session.doStart[370]-No SessionScavenger set, using defaults
2020/09/21 11:44:31.580[||||][INFO] o.e.j.s.session.startScavenging[149]-node0 Scavenging every 600000ms
2020/09/21 11:44:31.585[||||][INFO] o.e.j.s.h.C.application.log[2318]-Initializing Spring embedded WebApplicationContext
2020/09/21 11:44:31.585[||||][INFO] o.s.w.c.ContextLoader.prepareWebApplicationContext[285]-Root WebApplicationContext: initialization completed in 1177 ms
2020/09/21 11:44:31.925[||||][INFO] o.s.b.w.s.ServletRegistrationBean.addRegistration[186]-Servlet dispatcherServlet mapped to [/]
2020/09/21 11:44:31.927[||||][INFO] o.s.b.w.s.FilterRegistrationBean.configure[245]-Mapping filter: 'characterEncodingFilter' to: [/*]
2020/09/21 11:44:31.928[||||][INFO] o.s.b.w.s.FilterRegistrationBean.configure[245]-Mapping filter: 'hiddenHttpMethodFilter' to: [/*]
2020/09/21 11:44:31.928[||||][INFO] o.s.b.w.s.FilterRegistrationBean.configure[245]-Mapping filter: 'httpPutFormContentFilter' to: [/*]
2020/09/21 11:44:31.928[||||][INFO] o.s.b.w.s.FilterRegistrationBean.configure[245]-Mapping filter: 'requestContextFilter' to: [/*]
2020/09/21 11:44:31.928[||||][INFO] o.s.b.w.s.FilterRegistrationBean.configure[258]-Mapping filter: 'WalletFilter' to urls: [/api/xxy/wallet/*]
2020/09/21 11:44:31.931[||||][INFO] o.e.j.s.h.ContextHandler.doStart[851]-Started o.s.b.w.e.j.JettyEmbeddedWebAppContext@f438904{application,/,[file:///C:/Users/The%20Shy/AppData/Local/Temp/jetty-docbase.118215829168296501.6512/],AVAILABLE}
2020/09/21 11:44:31.932[||||][INFO] o.e.j.s.Server.doStart[411]-Started @2712ms
2020/09/21 11:44:32.265[||||][INFO] o.s.w.s.h.SimpleUrlHandlerMapping.registerHandler[373]-Mapped URL path [/**/favicon.ico] onto handler of type [class org.springframework.web.servlet.resource.ResourceHttpRequestHandler]
2020/09/21 11:44:32.482[||||][INFO] o.s.w.s.m.m.a.RequestMappingHandlerAdapter.initControllerAdviceCache[574]-Looking for @ControllerAdvice: org.springframework.boot.web.servlet.context.AnnotationConfigServletWebServerApplicationContext@68be8808: startup date [Mon Sep 21 11:44:30 CST 2020]; root of context hierarchy
2020/09/21 11:44:32.528[||||][INFO] o.s.w.s.m.m.a.RequestMappingHandlerMapping.register[547]-Mapped "{[/api/xxy/wallet/accounts],methods=[GET]}" onto public com.xxy.wallet.pojo.Result<com.xxy.wallet.commen.bean.AccountAndCard> com.xxy.wallet.controller.WalletAccountController.accountAndCardResult(javax.servlet.http.HttpServletRequest)
2020/09/21 11:44:32.530[||||][INFO] o.s.w.s.m.m.a.RequestMappingHandlerMapping.register[547]-Mapped "{[/api/xxy/wallet/walletDetail],methods=[GET]}" onto public com.xxy.wallet.pojo.Result<java.util.List<com.xxy.wallet.pojo.WalletAccountDetail>> com.xxy.wallet.controller.WalletDetailController.getAccountDetail(javax.servlet.http.HttpServletRequest) throws com.xxy.wallet.commen.exception.ParamterErrorExcepiton
2020/09/21 11:44:32.530[||||][INFO] o.s.w.s.m.m.a.RequestMappingHandlerMapping.register[547]-Mapped "{[/api/xxy/wallet/walletObject/sendWallet],methods=[GET]}" onto public com.xxy.wallet.pojo.Result<com.xxy.wallet.commen.bean.PesonSendWallet> com.xxy.wallet.controller.WalletDetailController.sendWallet(javax.servlet.http.HttpServletRequest,java.lang.Integer,java.lang.Integer)
2020/09/21 11:44:32.530[||||][INFO] o.s.w.s.m.m.a.RequestMappingHandlerMapping.register[547]-Mapped "{[/api/xxy/wallet/walletObject/receivedWallet],methods=[GET]}" onto public com.xxy.wallet.pojo.Result<com.xxy.wallet.commen.bean.ReceivedWalletDetail> com.xxy.wallet.controller.WalletDetailController.receivedWallet(javax.servlet.http.HttpServletRequest,java.lang.Integer,java.lang.Integer)
2020/09/21 11:44:32.530[||||][INFO] o.s.w.s.m.m.a.RequestMappingHandlerMapping.register[547]-Mapped "{[/api/xxy/wallet/getWallet],methods=[GET]}" onto public com.xxy.wallet.pojo.Result<com.xxy.wallet.pojo.WalletAccount> com.xxy.wallet.controller.WalletDetailController.getWallet(javax.servlet.http.HttpServletRequest)
2020/09/21 11:44:32.531[||||][INFO] o.s.w.s.m.m.a.RequestMappingHandlerMapping.register[547]-Mapped "{[/api/xxy/wallet/walletDetails],methods=[GET]}" onto public com.xxy.wallet.pojo.Result<java.util.List<com.xxy.wallet.pojo.WalletAccountDetail>> com.xxy.wallet.controller.WalletDetailController.walletDetails(javax.servlet.http.HttpServletRequest,java.lang.Integer,java.lang.Integer) throws com.xxy.wallet.commen.exception.ParamterErrorExcepiton
2020/09/21 11:44:32.531[||||][INFO] o.s.w.s.m.m.a.RequestMappingHandlerMapping.register[547]-Mapped "{[/api/xxy/wallet/status],methods=[GET]}" onto public com.xxy.wallet.pojo.Result<com.xxy.wallet.commen.bean.WalletStatus> com.xxy.wallet.controller.WalletDetailController.walletStatus(java.lang.Integer,java.lang.Integer,javax.servlet.http.HttpServletRequest) throws com.xxy.wallet.commen.exception.WalletGetStatusException
2020/09/21 11:44:32.531[||||][INFO] o.s.w.s.m.m.a.RequestMappingHandlerMapping.register[547]-Mapped "{[/api/xxy/wallet/grab],methods=[POST]}" onto public com.xxy.wallet.pojo.Result<com.xxy.wallet.commen.bean.ResultWalletObject> com.xxy.wallet.controller.WalletObjectController.grab(javax.servlet.http.HttpServletRequest,java.lang.Integer,java.lang.Integer,java.lang.Integer) throws com.xxy.wallet.commen.exception.ParamterErrorExcepiton,com.xxy.wallet.commen.exception.WalletNumberException
2020/09/21 11:44:32.532[||||][INFO] o.s.w.s.m.m.a.RequestMappingHandlerMapping.register[547]-Mapped "{[/api/xxy/wallet/send],methods=[POST]}" onto public com.xxy.wallet.pojo.Result<com.xxy.wallet.commen.bean.ReturnWallet> com.xxy.wallet.controller.WalletObjectController.returnWalletResult(javax.servlet.http.HttpServletRequest,java.lang.String,java.lang.Integer,java.lang.Integer,java.lang.Integer,java.lang.Integer,java.lang.Integer,java.lang.String) throws com.xxy.wallet.commen.exception.ParamterErrorExcepiton,com.xxy.wallet.commen.exception.WalletNumberException,com.xxy.wallet.commen.exception.AccountAbnormalityException
2020/09/21 11:44:32.533[||||][INFO] o.s.w.s.m.m.a.RequestMappingHandlerMapping.register[547]-Mapped "{[/error]}" onto public org.springframework.http.ResponseEntity<java.util.Map<java.lang.String, java.lang.Object>> org.springframework.boot.autoconfigure.web.servlet.error.BasicErrorController.error(javax.servlet.http.HttpServletRequest)
2020/09/21 11:44:32.534[||||][INFO] o.s.w.s.m.m.a.RequestMappingHandlerMapping.register[547]-Mapped "{[/error],produces=[text/html]}" onto public org.springframework.web.servlet.ModelAndView org.springframework.boot.autoconfigure.web.servlet.error.BasicErrorController.errorHtml(javax.servlet.http.HttpServletRequest,javax.servlet.http.HttpServletResponse)
2020/09/21 11:44:32.560[||||][INFO] o.s.w.s.h.SimpleUrlHandlerMapping.registerHandler[373]-Mapped URL path [/webjars/**] onto handler of type [class org.springframework.web.servlet.resource.ResourceHttpRequestHandler]
2020/09/21 11:44:32.560[||||][INFO] o.s.w.s.h.SimpleUrlHandlerMapping.registerHandler[373]-Mapped URL path [/**] onto handler of type [class org.springframework.web.servlet.resource.ResourceHttpRequestHandler]
2020/09/21 11:44:33.081[||||][INFO] o.s.j.e.a.AnnotationMBeanExporter.afterSingletonsInstantiated[433]-Registering beans for JMX exposure on startup
2020/09/21 11:44:33.082[||||][INFO] o.s.j.e.a.AnnotationMBeanExporter.autodetect[895]-Bean with name 'dataSource' has been autodetected for JMX exposure
2020/09/21 11:44:33.086[||||][INFO] o.s.j.e.a.AnnotationMBeanExporter.registerBeanInstance[668]-Located MBean 'dataSource': registering with JMX server as MBean [com.zaxxer.hikari:name=dataSource,type=HikariDataSource]
2020/09/21 11:44:33.095[||||][INFO] o.s.s.a.ScheduledAnnotationBeanPostProcessor.finishRegistration[275]-No TaskScheduler/ScheduledExecutorService bean found for scheduled processing
2020/09/21 11:44:33.104[||||][INFO] o.e.j.s.h.C.application.log[2318]-Initializing Spring FrameworkServlet 'dispatcherServlet'
2020/09/21 11:44:33.104[||||][INFO] o.s.w.s.DispatcherServlet.initServletBean[494]-FrameworkServlet 'dispatcherServlet': initialization started
2020/09/21 11:44:33.116[||||][INFO] o.s.w.s.DispatcherServlet.initServletBean[509]-FrameworkServlet 'dispatcherServlet': initialization completed in 12 ms
2020/09/21 11:44:33.133[||||][INFO] o.e.j.s.AbstractConnector.doStart[289]-Started ServerConnector@3bc20984{HTTP/1.1,[http/1.1]}{0.0.0.0:6512}
2020/09/21 11:44:33.136[||||][INFO] o.s.b.w.e.j.JettyWebServer.start[158]-Jetty started on port(s) 6512 (http/1.1) with context path '/'
2020/09/21 11:44:33.140[||||][INFO] c.x.w.StartUp.logStarted[59]-Started StartUp in 3.084 seconds (JVM running for 3.921)
2020/09/21 11:46:10.802[||||][INFO] o.s.b.w.s.c.AnnotationConfigServletWebServerApplicationContext.doClose[993]-Closing org.springframework.boot.web.servlet.context.AnnotationConfigServletWebServerApplicationContext@68be8808: startup date [Mon Sep 21 11:44:30 CST 2020]; root of context hierarchy
2020/09/21 11:46:10.804[||||][INFO] o.s.j.e.a.AnnotationMBeanExporter.destroy[451]-Unregistering JMX-exposed beans on shutdown
2020/09/21 11:46:10.804[||||][INFO] o.s.j.e.a.AnnotationMBeanExporter.unregisterBeans[183]-Unregistering JMX-exposed beans
2020/09/21 11:46:10.825[||||][INFO] o.e.j.s.AbstractConnector.doStop[332]-Stopped ServerConnector@3bc20984{HTTP/1.1,[http/1.1]}{0.0.0.0:6512}
2020/09/21 11:46:10.825[||||][INFO] o.e.j.s.session.stopScavenging[167]-node0 Stopped scavenging
2020/09/21 11:46:10.826[||||][INFO] o.e.j.s.h.C.application.log[2318]-Destroying Spring FrameworkServlet 'dispatcherServlet'
2020/09/21 11:46:10.827[||||][INFO] o.e.j.s.h.ContextHandler.doStop[1020]-Stopped o.s.b.w.e.j.JettyEmbeddedWebAppContext@f438904{application,/,[file:///C:/Users/The%20Shy/AppData/Local/Temp/jetty-docbase.118215829168296501.6512/],UNAVAILABLE}
2020/09/21 11:46:15.815[||||][INFO] c.x.w.StartUp.logStarting[50]-Starting StartUp on LAPTOP-94IK4O8C with PID 2852 (started by The Shy in D:\idea WorkSpace\redWallet)
2020/09/21 11:46:15.820[||||][INFO] c.x.w.StartUp.logStartupProfileInfo[659]-No active profile set, falling back to default profiles: default
2020/09/21 11:46:15.867[||||][INFO] o.s.b.w.s.c.AnnotationConfigServletWebServerApplicationContext.prepareRefresh[590]-Refreshing org.springframework.boot.web.servlet.context.AnnotationConfigServletWebServerApplicationContext@305a0c5f: startup date [Mon Sep 21 11:46:15 CST 2020]; root of context hierarchy
2020/09/21 11:46:16.686[||||][INFO] o.s.d.r.c.RepositoryConfigurationDelegate.multipleStoresDetected[163]-Multiple Spring Data modules found, entering strict repository configuration mode!
2020/09/21 11:46:17.201[||||][INFO] o.s.c.s.PostProcessorRegistrationDelegate$BeanPostProcessorChecker.postProcessAfterInitialization[328]-Bean 'org.springframework.transaction.annotation.ProxyTransactionManagementConfiguration' of type [org.springframework.transaction.annotation.ProxyTransactionManagementConfiguration$$EnhancerBySpringCGLIB$$e341d627] is not eligible for getting processed by all BeanPostProcessors (for example: not eligible for auto-proxying)
2020/09/21 11:46:17.348[||||][INFO] o.e.j.u.log.initialized[193]-Logging initialized @2838ms to org.eclipse.jetty.util.log.Slf4jLog
2020/09/21 11:46:17.412[||||][INFO] o.s.b.w.e.j.JettyServletWebServerFactory.getWebServer[143]-Server initialized with port: 6512
2020/09/21 11:46:17.414[||||][INFO] o.e.j.s.Server.doStart[374]-jetty-9.4.11.v20180605; built: 2018-06-05T18:24:03.829Z; git: d5fc0523cfa96bfebfbda19606cad384d772f04c; jvm 1.8.0_05-b13
2020/09/21 11:46:17.565[||||][INFO] o.e.j.s.session.doStart[365]-DefaultSessionIdManager workerName=node0
2020/09/21 11:46:17.565[||||][INFO] o.e.j.s.session.doStart[370]-No SessionScavenger set, using defaults
2020/09/21 11:46:17.566[||||][INFO] o.e.j.s.session.startScavenging[149]-node0 Scavenging every 600000ms
2020/09/21 11:46:17.570[||||][INFO] o.e.j.s.h.C.application.log[2318]-Initializing Spring embedded WebApplicationContext
2020/09/21 11:46:17.571[||||][INFO] o.s.w.c.ContextLoader.prepareWebApplicationContext[285]-Root WebApplicationContext: initialization completed in 1704 ms
2020/09/21 11:46:17.866[||||][INFO] o.s.b.w.s.ServletRegistrationBean.addRegistration[186]-Servlet dispatcherServlet mapped to [/]
2020/09/21 11:46:17.868[||||][INFO] o.s.b.w.s.FilterRegistrationBean.configure[245]-Mapping filter: 'characterEncodingFilter' to: [/*]
2020/09/21 11:46:17.869[||||][INFO] o.s.b.w.s.FilterRegistrationBean.configure[245]-Mapping filter: 'hiddenHttpMethodFilter' to: [/*]
2020/09/21 11:46:17.869[||||][INFO] o.s.b.w.s.FilterRegistrationBean.configure[245]-Mapping filter: 'httpPutFormContentFilter' to: [/*]
2020/09/21 11:46:17.869[||||][INFO] o.s.b.w.s.FilterRegistrationBean.configure[245]-Mapping filter: 'requestContextFilter' to: [/*]
2020/09/21 11:46:17.869[||||][INFO] o.s.b.w.s.FilterRegistrationBean.configure[258]-Mapping filter: 'WalletFilter' to urls: [/api/xxy/wallet/*]
2020/09/21 11:46:17.872[||||][INFO] o.e.j.s.h.ContextHandler.doStart[851]-Started o.s.b.w.e.j.JettyEmbeddedWebAppContext@430b2699{application,/,[file:///C:/Users/The%20Shy/AppData/Local/Temp/jetty-docbase.4949709587917139057.6512/],AVAILABLE}
2020/09/21 11:46:17.873[||||][INFO] o.e.j.s.Server.doStart[411]-Started @3364ms
2020/09/21 11:46:18.184[||||][INFO] o.s.w.s.h.SimpleUrlHandlerMapping.registerHandler[373]-Mapped URL path [/**/favicon.ico] onto handler of type [class org.springframework.web.servlet.resource.ResourceHttpRequestHandler]
2020/09/21 11:46:18.402[||||][INFO] o.s.w.s.m.m.a.RequestMappingHandlerAdapter.initControllerAdviceCache[574]-Looking for @ControllerAdvice: org.springframework.boot.web.servlet.context.AnnotationConfigServletWebServerApplicationContext@305a0c5f: startup date [Mon Sep 21 11:46:15 CST 2020]; root of context hierarchy
2020/09/21 11:46:18.451[||||][INFO] o.s.w.s.m.m.a.RequestMappingHandlerMapping.register[547]-Mapped "{[/api/xxy/wallet/accounts],methods=[GET]}" onto public com.xxy.wallet.pojo.Result<com.xxy.wallet.commen.bean.AccountAndCard> com.xxy.wallet.controller.WalletAccountController.accountAndCardResult(javax.servlet.http.HttpServletRequest)
2020/09/21 11:46:18.452[||||][INFO] o.s.w.s.m.m.a.RequestMappingHandlerMapping.register[547]-Mapped "{[/api/xxy/wallet/walletDetails],methods=[GET]}" onto public com.xxy.wallet.pojo.Result<java.util.List<com.xxy.wallet.pojo.WalletAccountDetail>> com.xxy.wallet.controller.WalletDetailController.walletDetails(javax.servlet.http.HttpServletRequest,java.lang.Integer,java.lang.Integer) throws com.xxy.wallet.commen.exception.ParamterErrorExcepiton
2020/09/21 11:46:18.452[||||][INFO] o.s.w.s.m.m.a.RequestMappingHandlerMapping.register[547]-Mapped "{[/api/xxy/wallet/walletDetail],methods=[GET]}" onto public com.xxy.wallet.pojo.Result<java.util.List<com.xxy.wallet.pojo.WalletAccountDetail>> com.xxy.wallet.controller.WalletDetailController.getAccountDetail(javax.servlet.http.HttpServletRequest) throws com.xxy.wallet.commen.exception.ParamterErrorExcepiton
2020/09/21 11:46:18.453[||||][INFO] o.s.w.s.m.m.a.RequestMappingHandlerMapping.register[547]-Mapped "{[/api/xxy/wallet/walletObject/sendWallet],methods=[GET]}" onto public com.xxy.wallet.pojo.Result<com.xxy.wallet.commen.bean.PesonSendWallet> com.xxy.wallet.controller.WalletDetailController.sendWallet(javax.servlet.http.HttpServletRequest,java.lang.Integer,java.lang.Integer)
2020/09/21 11:46:18.453[||||][INFO] o.s.w.s.m.m.a.RequestMappingHandlerMapping.register[547]-Mapped "{[/api/xxy/wallet/getWallet],methods=[GET]}" onto public com.xxy.wallet.pojo.Result<com.xxy.wallet.pojo.WalletAccount> com.xxy.wallet.controller.WalletDetailController.getWallet(javax.servlet.http.HttpServletRequest)
2020/09/21 11:46:18.453[||||][INFO] o.s.w.s.m.m.a.RequestMappingHandlerMapping.register[547]-Mapped "{[/api/xxy/wallet/status],methods=[GET]}" onto public com.xxy.wallet.pojo.Result<com.xxy.wallet.commen.bean.WalletStatus> com.xxy.wallet.controller.WalletDetailController.walletStatus(java.lang.Integer,java.lang.Integer,javax.servlet.http.HttpServletRequest) throws com.xxy.wallet.commen.exception.WalletGetStatusException
2020/09/21 11:46:18.453[||||][INFO] o.s.w.s.m.m.a.RequestMappingHandlerMapping.register[547]-Mapped "{[/api/xxy/wallet/walletObject/receivedWallet],methods=[GET]}" onto public com.xxy.wallet.pojo.Result<com.xxy.wallet.commen.bean.ReceivedWalletDetail> com.xxy.wallet.controller.WalletDetailController.receivedWallet(javax.servlet.http.HttpServletRequest,java.lang.Integer,java.lang.Integer)
2020/09/21 11:46:18.454[||||][INFO] o.s.w.s.m.m.a.RequestMappingHandlerMapping.register[547]-Mapped "{[/api/xxy/wallet/grab],methods=[POST]}" onto public com.xxy.wallet.pojo.Result<com.xxy.wallet.commen.bean.ResultWalletObject> com.xxy.wallet.controller.WalletObjectController.grab(javax.servlet.http.HttpServletRequest,java.lang.Integer,java.lang.Integer,java.lang.Integer) throws com.xxy.wallet.commen.exception.ParamterErrorExcepiton,com.xxy.wallet.commen.exception.WalletNumberException
2020/09/21 11:46:18.454[||||][INFO] o.s.w.s.m.m.a.RequestMappingHandlerMapping.register[547]-Mapped "{[/api/xxy/wallet/send],methods=[POST]}" onto public com.xxy.wallet.pojo.Result<com.xxy.wallet.commen.bean.ReturnWallet> com.xxy.wallet.controller.WalletObjectController.returnWalletResult(javax.servlet.http.HttpServletRequest,java.lang.String,java.lang.Integer,java.lang.Integer,java.lang.Integer,java.lang.Integer,java.lang.Integer,java.lang.String) throws com.xxy.wallet.commen.exception.ParamterErrorExcepiton,com.xxy.wallet.commen.exception.WalletNumberException,com.xxy.wallet.commen.exception.AccountAbnormalityException
2020/09/21 11:46:18.456[||||][INFO] o.s.w.s.m.m.a.RequestMappingHandlerMapping.register[547]-Mapped "{[/error]}" onto public org.springframework.http.ResponseEntity<java.util.Map<java.lang.String, java.lang.Object>> org.springframework.boot.autoconfigure.web.servlet.error.BasicErrorController.error(javax.servlet.http.HttpServletRequest)
2020/09/21 11:46:18.456[||||][INFO] o.s.w.s.m.m.a.RequestMappingHandlerMapping.register[547]-Mapped "{[/error],produces=[text/html]}" onto public org.springframework.web.servlet.ModelAndView org.springframework.boot.autoconfigure.web.servlet.error.BasicErrorController.errorHtml(javax.servlet.http.HttpServletRequest,javax.servlet.http.HttpServletResponse)
2020/09/21 11:46:18.482[||||][INFO] o.s.w.s.h.SimpleUrlHandlerMapping.registerHandler[373]-Mapped URL path [/webjars/**] onto handler of type [class org.springframework.web.servlet.resource.ResourceHttpRequestHandler]
2020/09/21 11:46:18.483[||||][INFO] o.s.w.s.h.SimpleUrlHandlerMapping.registerHandler[373]-Mapped URL path [/**] onto handler of type [class org.springframework.web.servlet.resource.ResourceHttpRequestHandler]
2020/09/21 11:46:18.974[||||][INFO] o.s.j.e.a.AnnotationMBeanExporter.afterSingletonsInstantiated[433]-Registering beans for JMX exposure on startup
2020/09/21 11:46:18.975[||||][INFO] o.s.j.e.a.AnnotationMBeanExporter.autodetect[895]-Bean with name 'dataSource' has been autodetected for JMX exposure
2020/09/21 11:46:18.979[||||][INFO] o.s.j.e.a.AnnotationMBeanExporter.registerBeanInstance[668]-Located MBean 'dataSource': registering with JMX server as MBean [com.zaxxer.hikari:name=dataSource,type=HikariDataSource]
2020/09/21 11:46:18.988[||||][INFO] o.s.s.a.ScheduledAnnotationBeanPostProcessor.finishRegistration[275]-No TaskScheduler/ScheduledExecutorService bean found for scheduled processing
2020/09/21 11:46:18.998[||||][INFO] o.e.j.s.h.C.application.log[2318]-Initializing Spring FrameworkServlet 'dispatcherServlet'
2020/09/21 11:46:18.998[||||][INFO] o.s.w.s.DispatcherServlet.initServletBean[494]-FrameworkServlet 'dispatcherServlet': initialization started
2020/09/21 11:46:19.010[||||][INFO] o.s.w.s.DispatcherServlet.initServletBean[509]-FrameworkServlet 'dispatcherServlet': initialization completed in 12 ms
2020/09/21 11:46:19.029[||||][INFO] o.e.j.s.AbstractConnector.doStart[289]-Started ServerConnector@61b838f2{HTTP/1.1,[http/1.1]}{0.0.0.0:6512}
2020/09/21 11:46:19.032[||||][INFO] o.s.b.w.e.j.JettyWebServer.start[158]-Jetty started on port(s) 6512 (http/1.1) with context path '/'
2020/09/21 11:46:19.035[||||][INFO] c.x.w.StartUp.logStarted[59]-Started StartUp in 3.561 seconds (JVM running for 4.525)
2020/09/21 11:46:54.531[||||][INFO] o.s.b.w.s.c.AnnotationConfigServletWebServerApplicationContext.doClose[993]-Closing org.springframework.boot.web.servlet.context.AnnotationConfigServletWebServerApplicationContext@305a0c5f: startup date [Mon Sep 21 11:46:15 CST 2020]; root of context hierarchy
2020/09/21 11:46:54.533[||||][INFO] o.s.j.e.a.AnnotationMBeanExporter.destroy[451]-Unregistering JMX-exposed beans on shutdown
2020/09/21 11:46:54.533[||||][INFO] o.s.j.e.a.AnnotationMBeanExporter.unregisterBeans[183]-Unregistering JMX-exposed beans
2020/09/21 11:46:54.553[||||][INFO] o.e.j.s.AbstractConnector.doStop[332]-Stopped ServerConnector@61b838f2{HTTP/1.1,[http/1.1]}{0.0.0.0:6512}
2020/09/21 11:46:54.553[||||][INFO] o.e.j.s.session.stopScavenging[167]-node0 Stopped scavenging
2020/09/21 11:46:54.554[||||][INFO] o.e.j.s.h.C.application.log[2318]-Destroying Spring FrameworkServlet 'dispatcherServlet'
2020/09/21 11:46:54.555[||||][INFO] o.e.j.s.h.ContextHandler.doStop[1020]-Stopped o.s.b.w.e.j.JettyEmbeddedWebAppContext@430b2699{application,/,[file:///C:/Users/The%20Shy/AppData/Local/Temp/jetty-docbase.4949709587917139057.6512/],UNAVAILABLE}
